<?xml version="1.0" encoding="UTF-8"?>
<!-- Generated by org.testng.reporters.JUnitXMLReporter -->
<testsuite ignored="0" hostname="SukiLaptop" failures="0" tests="7" name="Test" time="47.296" errors="0" timestamp="2023-04-28T10:14:11 EDT">
  <testcase classname="testCases.TC_001_AccountRegistrationtTest" name="test_account_Registration" time="5.482"/>
  <testcase classname="testCases.TC_002_LoginTest" name="test_Login" time="0.991"/>
  <testcase classname="testCases.TC_003_LoginDataDrivenTest" name="test_LoginDDT" time="0.985"/>
  <testcase classname="testCases.TC_003_LoginDataDrivenTest" name="test_LoginDDT" time="10.635"/>
  <testcase classname="testCases.TC_003_LoginDataDrivenTest" name="test_LoginDDT" time="10.614"/>
  <testcase classname="testCases.TC_003_LoginDataDrivenTest" name="test_LoginDDT" time="10.588"/>
  <testcase classname="testCases.TC_003_LoginDataDrivenTest" name="test_LoginDDT" time="0.856"/>
</testsuite> <!-- Test -->
