<?xml version="1.0" encoding="UTF-8"?>
<!-- Generated by org.testng.reporters.JUnitXMLReporter -->
<testsuite ignored="0" hostname="SukiLaptop" failures="0" tests="7" name="Test" time="54.243" errors="0" timestamp="2023-04-28T10:48:02 EDT">
  <testcase classname="testCases.TC_001_AccountRegistrationtTest" name="test_account_Registration" time="6.576"/>
  <testcase classname="testCases.TC_002_LoginTest" name="test_Login" time="2.122"/>
  <testcase classname="testCases.TC_003_LoginDataDrivenTest" name="test_LoginDDT" time="1.379"/>
  <testcase classname="testCases.TC_003_LoginDataDrivenTest" name="test_LoginDDT" time="10.831"/>
  <testcase classname="testCases.TC_003_LoginDataDrivenTest" name="test_LoginDDT" time="10.941"/>
  <testcase classname="testCases.TC_003_LoginDataDrivenTest" name="test_LoginDDT" time="10.72"/>
  <testcase classname="testCases.TC_003_LoginDataDrivenTest" name="test_LoginDDT" time="1.612"/>
</testsuite> <!-- Test -->
