<?xml version="1.0" encoding="UTF-8"?>
<testng-results ignored="0" total="7" passed="7" failed="0" skipped="0">
  <reporter-output>
  </reporter-output>
  <suite started-at="2023-04-28T10:47:07 EDT" name="Suite" finished-at="2023-04-28T10:48:01 EDT" duration-ms="54243">
    <groups>
      <group name="Master">
        <method signature="TC_001_AccountRegistrationtTest.test_account_Registration()[pri:0, instance:testCases.TC_001_AccountRegistrationtTest@4466af20]" name="test_account_Registration" class="testCases.TC_001_AccountRegistrationtTest"/>
        <method signature="TC_002_LoginTest.test_Login()[pri:0, instance:testCases.TC_002_LoginTest@4cc451f2]" name="test_Login" class="testCases.TC_002_LoginTest"/>
      </group> <!-- Master -->
      <group name="Sanity">
        <method signature="TC_002_LoginTest.test_Login()[pri:0, instance:testCases.TC_002_LoginTest@4cc451f2]" name="test_Login" class="testCases.TC_002_LoginTest"/>
      </group> <!-- Sanity -->
      <group name="Regression">
        <method signature="TC_001_AccountRegistrationtTest.test_account_Registration()[pri:0, instance:testCases.TC_001_AccountRegistrationtTest@4466af20]" name="test_account_Registration" class="testCases.TC_001_AccountRegistrationtTest"/>
      </group> <!-- Regression -->
    </groups>
    <test started-at="2023-04-28T10:47:07 EDT" name="Test" finished-at="2023-04-28T10:48:01 EDT" duration-ms="54243">
      <class name="testCases.TC_001_AccountRegistrationtTest">
        <test-method is-config="true" signature="setup(java.lang.String)[pri:0, instance:testCases.TC_001_AccountRegistrationtTest@4466af20]" started-at="2023-04-28T10:47:07 EDT" name="setup" finished-at="2023-04-28T10:47:10 EDT" duration-ms="3394" status="PASS">
          <params>
            <param index="0">
              <value>
                <![CDATA[chrome]]>
              </value>
            </param>
          </params>
          <reporter-output>
          </reporter-output>
        </test-method> <!-- setup -->
        <test-method signature="test_account_Registration()[pri:0, instance:testCases.TC_001_AccountRegistrationtTest@4466af20]" started-at="2023-04-28T10:47:10 EDT" name="test_account_Registration" finished-at="2023-04-28T10:47:17 EDT" duration-ms="6576" status="PASS">
          <reporter-output>
          </reporter-output>
        </test-method> <!-- test_account_Registration -->
        <test-method is-config="true" signature="teadDown()[pri:0, instance:testCases.TC_001_AccountRegistrationtTest@4466af20]" started-at="2023-04-28T10:47:17 EDT" name="teadDown" finished-at="2023-04-28T10:47:17 EDT" duration-ms="210" status="PASS">
          <reporter-output>
          </reporter-output>
        </test-method> <!-- teadDown -->
      </class> <!-- testCases.TC_001_AccountRegistrationtTest -->
      <class name="testCases.TC_002_LoginTest">
        <test-method is-config="true" signature="setup(java.lang.String)[pri:0, instance:testCases.TC_002_LoginTest@4cc451f2]" started-at="2023-04-28T10:47:17 EDT" name="setup" finished-at="2023-04-28T10:47:19 EDT" duration-ms="2230" status="PASS">
          <params>
            <param index="0">
              <value>
                <![CDATA[chrome]]>
              </value>
            </param>
          </params>
          <reporter-output>
          </reporter-output>
        </test-method> <!-- setup -->
        <test-method signature="test_Login()[pri:0, instance:testCases.TC_002_LoginTest@4cc451f2]" started-at="2023-04-28T10:47:19 EDT" name="test_Login" finished-at="2023-04-28T10:47:21 EDT" duration-ms="2122" status="PASS">
          <reporter-output>
          </reporter-output>
        </test-method> <!-- test_Login -->
        <test-method is-config="true" signature="teadDown()[pri:0, instance:testCases.TC_002_LoginTest@4cc451f2]" started-at="2023-04-28T10:47:21 EDT" name="teadDown" finished-at="2023-04-28T10:47:22 EDT" duration-ms="241" status="PASS">
          <reporter-output>
          </reporter-output>
        </test-method> <!-- teadDown -->
      </class> <!-- testCases.TC_002_LoginTest -->
      <class name="testCases.TC_003_LoginDataDrivenTest">
        <test-method is-config="true" signature="setup(java.lang.String)[pri:0, instance:testCases.TC_003_LoginDataDrivenTest@6379eb]" started-at="2023-04-28T10:47:22 EDT" name="setup" finished-at="2023-04-28T10:47:24 EDT" duration-ms="2177" status="PASS">
          <params>
            <param index="0">
              <value>
                <![CDATA[chrome]]>
              </value>
            </param>
          </params>
          <reporter-output>
          </reporter-output>
        </test-method> <!-- setup -->
        <test-method signature="test_LoginDDT(java.lang.String,java.lang.String,java.lang.String)[pri:0, instance:testCases.TC_003_LoginDataDrivenTest@6379eb]" started-at="2023-04-28T10:47:25 EDT" name="test_LoginDDT" data-provider="LoginData" finished-at="2023-04-28T10:47:27 EDT" duration-ms="1379" status="PASS">
          <params>
            <param index="0">
              <value>
                <![CDATA[sparamso@hotmail.com]]>
              </value>
            </param>
            <param index="1">
              <value>
                <![CDATA[Good1234]]>
              </value>
            </param>
            <param index="2">
              <value>
                <![CDATA[Valid]]>
              </value>
            </param>
          </params>
          <reporter-output>
          </reporter-output>
        </test-method> <!-- test_LoginDDT -->
        <test-method signature="test_LoginDDT(java.lang.String,java.lang.String,java.lang.String)[pri:0, instance:testCases.TC_003_LoginDataDrivenTest@6379eb]" started-at="2023-04-28T10:47:27 EDT" name="test_LoginDDT" data-provider="LoginData" finished-at="2023-04-28T10:47:37 EDT" duration-ms="10831" status="PASS">
          <params>
            <param index="0">
              <value>
                <![CDATA[lakshmi@yahoo.com]]>
              </value>
            </param>
            <param index="1">
              <value>
                <![CDATA[Laxmi]]>
              </value>
            </param>
            <param index="2">
              <value>
                <![CDATA[Invalid]]>
              </value>
            </param>
          </params>
          <reporter-output>
          </reporter-output>
        </test-method> <!-- test_LoginDDT -->
        <test-method signature="test_LoginDDT(java.lang.String,java.lang.String,java.lang.String)[pri:0, instance:testCases.TC_003_LoginDataDrivenTest@6379eb]" started-at="2023-04-28T10:47:37 EDT" name="test_LoginDDT" data-provider="LoginData" finished-at="2023-04-28T10:47:48 EDT" duration-ms="10941" status="PASS">
          <params>
            <param index="0">
              <value>
                <![CDATA[laksh@yahoo.com]]>
              </value>
            </param>
            <param index="1">
              <value>
                <![CDATA[Lakshmi]]>
              </value>
            </param>
            <param index="2">
              <value>
                <![CDATA[Invalid]]>
              </value>
            </param>
          </params>
          <reporter-output>
          </reporter-output>
        </test-method> <!-- test_LoginDDT -->
        <test-method signature="test_LoginDDT(java.lang.String,java.lang.String,java.lang.String)[pri:0, instance:testCases.TC_003_LoginDataDrivenTest@6379eb]" started-at="2023-04-28T10:47:48 EDT" name="test_LoginDDT" data-provider="LoginData" finished-at="2023-04-28T10:47:59 EDT" duration-ms="10720" status="PASS">
          <params>
            <param index="0">
              <value>
                <![CDATA[laks@yahoo.com]]>
              </value>
            </param>
            <param index="1">
              <value>
                <![CDATA[xyz]]>
              </value>
            </param>
            <param index="2">
              <value>
                <![CDATA[Invalid]]>
              </value>
            </param>
          </params>
          <reporter-output>
          </reporter-output>
        </test-method> <!-- test_LoginDDT -->
        <test-method signature="test_LoginDDT(java.lang.String,java.lang.String,java.lang.String)[pri:0, instance:testCases.TC_003_LoginDataDrivenTest@6379eb]" started-at="2023-04-28T10:47:59 EDT" name="test_LoginDDT" data-provider="LoginData" finished-at="2023-04-28T10:48:01 EDT" duration-ms="1612" status="PASS">
          <params>
            <param index="0">
              <value>
                <![CDATA[abc123@gmail.com]]>
              </value>
            </param>
            <param index="1">
              <value>
                <![CDATA[test@123]]>
              </value>
            </param>
            <param index="2">
              <value>
                <![CDATA[Valid]]>
              </value>
            </param>
          </params>
          <reporter-output>
          </reporter-output>
        </test-method> <!-- test_LoginDDT -->
        <test-method is-config="true" signature="teadDown()[pri:0, instance:testCases.TC_003_LoginDataDrivenTest@6379eb]" started-at="2023-04-28T10:48:01 EDT" name="teadDown" finished-at="2023-04-28T10:48:01 EDT" duration-ms="288" status="PASS">
          <reporter-output>
          </reporter-output>
        </test-method> <!-- teadDown -->
      </class> <!-- testCases.TC_003_LoginDataDrivenTest -->
    </test> <!-- Test -->
  </suite> <!-- Suite -->
</testng-results>
